rocky-watch/app/build/intermediates/manifest_merge_blame_file/debug/processDebugMainManifest/manifest-merger-blame-debug-report.txt
1<?xml version="1.0" encoding="utf-8"?>
2<manifest xmlns:android="http://schemas.android.com/apk/res/android"
3    package="com.rockycompanion.watch"
4    android:versionCode="1"
5    android:versionName="1.0.0" >
6
7    <uses-sdk
8        android:minSdkVersion="30"
9        android:targetSdkVersion="36" />
10
11    <uses-permission android:name="android.permission.BODY_SENSORS" />
11-->src\main\AndroidManifest.xml:4:5-71
11-->src\main\AndroidManifest.xml:4:22-68
12    <uses-permission android:name="android.permission.ACTIVITY_RECOGNITION" />
12-->src\main\AndroidManifest.xml:5:5-79
12-->src\main\AndroidManifest.xml:5:22-76
13    <uses-permission android:name="android.permission.FOREGROUND_SERVICE" />
13-->src\main\AndroidManifest.xml:6:5-77
13-->src\main\AndroidManifest.xml:6:22-74
14    <uses-permission android:name="android.permission.FOREGROUND_SERVICE_HEALTH" />
14-->src\main\AndroidManifest.xml:7:5-84
14-->src\main\AndroidManifest.xml:7:22-81
15    <uses-permission android:name="android.permission.FOREGROUND_SERVICE_LOCATION" />
15-->src\main\AndroidManifest.xml:8:5-86
15-->src\main\AndroidManifest.xml:8:22-83
16    <uses-permission android:name="android.permission.ACCESS_FINE_LOCATION" />
16-->src\main\AndroidManifest.xml:9:5-79
16-->src\main\AndroidManifest.xml:9:22-76
17    <uses-permission android:name="android.permission.INTERNET" />
17-->src\main\AndroidManifest.xml:10:5-67
17-->src\main\AndroidManifest.xml:10:22-64
18    <uses-permission android:name="android.permission.RECORD_AUDIO" />
18-->src\main\AndroidManifest.xml:11:5-71
18-->src\main\AndroidManifest.xml:11:22-68
19    <uses-permission android:name="android.permission.POST_NOTIFICATIONS" />
19-->src\main\AndroidManifest.xml:12:5-77
19-->src\main\AndroidManifest.xml:12:22-74
20
21    <uses-feature
21-->src\main\AndroidManifest.xml:14:5-88
22        android:name="android.hardware.type.watch"
22-->src\main\AndroidManifest.xml:14:19-61
23        android:required="true" />
23-->src\main\AndroidManifest.xml:14:62-85
24
25    <queries>
25-->[androidx.health:health-services-client:1.0.0-rc02] AndroidManifest.xml:19:5-21:15
26        <package android:name="com.google.android.wearable.healthservices" />
26-->[androidx.health:health-services-client:1.0.0-rc02] AndroidManifest.xml:20:9-78
26-->[androidx.health:health-services-client:1.0.0-rc02] AndroidManifest.xml:20:18-75
27    </queries>
28
29    <permission
29-->[androidx.core:core:1.17.0] AndroidManifest.xml:22:5-24:47
30        android:name="com.rockycompanion.watch.DYNAMIC_RECEIVER_NOT_EXPORTED_PERMISSION"
30-->[androidx.core:core:1.17.0] AndroidManifest.xml:23:9-81
31        android:protectionLevel="signature" />
31-->[androidx.core:core:1.17.0] AndroidManifest.xml:24:9-44
32
33    <uses-permission android:name="com.rockycompanion.watch.DYNAMIC_RECEIVER_NOT_EXPORTED_PERMISSION" />
33-->[androidx.core:core:1.17.0] AndroidManifest.xml:26:5-97
33-->[androidx.core:core:1.17.0] AndroidManifest.xml:26:22-94
34
35    <application
35-->src\main\AndroidManifest.xml:16:5-46:19
36        android:name="com.rockycompanion.watch.RockyWatchApp"
36-->src\main\AndroidManifest.xml:17:9-38
37        android:allowBackup="true"
37-->src\main\AndroidManifest.xml:18:9-35
38        android:appComponentFactory="androidx.core.app.CoreComponentFactory"
38-->[androidx.core:core:1.17.0] AndroidManifest.xml:28:18-86
39        android:debuggable="true"
40        android:extractNativeLibs="false"
41        android:icon="@android:drawable/ic_btn_speak_now"
41-->src\main\AndroidManifest.xml:19:9-58
42        android:label="@string/app_name"
42-->src\main\AndroidManifest.xml:20:9-41
43        android:roundIcon="@android:drawable/ic_btn_speak_now"
43-->src\main\AndroidManifest.xml:21:9-63
44        android:supportsRtl="true"
44-->src\main\AndroidManifest.xml:22:9-35
45        android:testOnly="true"
46        android:theme="@android:style/Theme.DeviceDefault" >
46-->src\main\AndroidManifest.xml:23:9-59
47        <activity
47-->src\main\AndroidManifest.xml:24:9-32:20
48            android:name="com.rockycompanion.watch.MainActivity"
48-->src\main\AndroidManifest.xml:25:13-41
49            android:exported="true"
49-->src\main\AndroidManifest.xml:26:13-36
50            android:theme="@android:style/Theme.DeviceDefault" >
50-->src\main\AndroidManifest.xml:27:13-63
51            <intent-filter>
51-->src\main\AndroidManifest.xml:28:13-31:29
52                <action android:name="android.intent.action.MAIN" />
52-->src\main\AndroidManifest.xml:29:17-69
52-->src\main\AndroidManifest.xml:29:25-66
53
54                <category android:name="android.intent.category.LAUNCHER" />
54-->src\main\AndroidManifest.xml:30:17-77
54-->src\main\AndroidManifest.xml:30:27-74
55            </intent-filter>
56        </activity>
57        <activity
57-->src\main\AndroidManifest.xml:33:9-36:66
58            android:name="com.rockycompanion.watch.SettingsActivity"
58-->src\main\AndroidManifest.xml:34:13-45
59            android:exported="false"
59-->src\main\AndroidManifest.xml:35:13-37
60            android:theme="@android:style/Theme.DeviceDefault" />
60-->src\main\AndroidManifest.xml:36:13-63
61        <activity
61-->src\main\AndroidManifest.xml:37:9-40:66
62            android:name="com.rockycompanion.watch.MonitoringActivity"
62-->src\main\AndroidManifest.xml:38:13-47
63            android:exported="false"
63-->src\main\AndroidManifest.xml:39:13-37
64            android:theme="@android:style/Theme.DeviceDefault" />
64-->src\main\AndroidManifest.xml:40:13-63
65
66        <service
66-->src\main\AndroidManifest.xml:41:9-45:63
67            android:name="com.rockycompanion.watch.MonitorService"
67-->src\main\AndroidManifest.xml:42:13-43
68            android:enabled="true"
68-->src\main\AndroidManifest.xml:43:13-35
69            android:exported="false"
69-->src\main\AndroidManifest.xml:44:13-37
70            android:foregroundServiceType="health|location" />
70-->src\main\AndroidManifest.xml:45:13-60
71
72        <uses-library
72-->[androidx.wear:wear:1.3.0] AndroidManifest.xml:23:9-25:40
73            android:name="com.google.android.wearable"
73-->[androidx.wear:wear:1.3.0] AndroidManifest.xml:24:13-55
74            android:required="false" />
74-->[androidx.wear:wear:1.3.0] AndroidManifest.xml:25:13-37
75
76        <service
76-->[androidx.health:health-services-client:1.0.0-rc02] AndroidManifest.xml:24:9-31:19
77            android:name="androidx.health.services.client.VersionApiService"
77-->[androidx.health:health-services-client:1.0.0-rc02] AndroidManifest.xml:25:13-77
78            android:exported="true"
78-->[androidx.health:health-services-client:1.0.0-rc02] AndroidManifest.xml:26:13-36
79            android:permission="com.google.android.wearable.healthservices.permission.PASSIVE_DATA_BINDING" >
79-->[androidx.health:health-services-client:1.0.0-rc02] AndroidManifest.xml:27:13-108
80            <intent-filter>
80-->[androidx.health:health-services-client:1.0.0-rc02] AndroidManifest.xml:28:13-30:29
81                <action android:name="hs.versionclient.BIND" />
81-->[androidx.health:health-services-client:1.0.0-rc02] AndroidManifest.xml:29:17-64
81-->[androidx.health:health-services-client:1.0.0-rc02] AndroidManifest.xml:29:25-61
82            </intent-filter>
83        </service>
84
85        <activity
85-->[com.google.android.gms:play-services-base:18.5.0] AndroidManifest.xml:5:9-173
86            android:name="com.google.android.gms.common.api.GoogleApiActivity"
86-->[com.google.android.gms:play-services-base:18.5.0] AndroidManifest.xml:5:19-85
87            android:exported="false"
87-->[com.google.android.gms:play-services-base:18.5.0] AndroidManifest.xml:5:146-170
88            android:theme="@android:style/Theme.Translucent.NoTitleBar" />
88-->[com.google.android.gms:play-services-base:18.5.0] AndroidManifest.xml:5:86-145
89
90        <meta-data
90-->[com.google.android.gms:play-services-basement:18.4.0] AndroidManifest.xml:6:9-122
91            android:name="com.google.android.gms.version"
91-->[com.google.android.gms:play-services-basement:18.4.0] AndroidManifest.xml:6:20-65
92            android:value="@integer/google_play_services_version" />
92-->[com.google.android.gms:play-services-basement:18.4.0] AndroidManifest.xml:6:66-119
93
94        <provider
94-->[androidx.profileinstaller:profileinstaller:1.4.0] AndroidManifest.xml:24:9-32:20
95            android:name="androidx.startup.InitializationProvider"
95-->[androidx.profileinstaller:profileinstaller:1.4.0] AndroidManifest.xml:25:13-67
96            android:authorities="com.rockycompanion.watch.androidx-startup"
96-->[androidx.profileinstaller:profileinstaller:1.4.0] AndroidManifest.xml:26:13-68
97            android:exported="false" >
97-->[androidx.profileinstaller:profileinstaller:1.4.0] AndroidManifest.xml:27:13-37
98            <meta-data
98-->[androidx.profileinstaller:profileinstaller:1.4.0] AndroidManifest.xml:29:13-31:52
99                android:name="androidx.profileinstaller.ProfileInstallerInitializer"
99-->[androidx.profileinstaller:profileinstaller:1.4.0] AndroidManifest.xml:30:17-85
100                android:value="androidx.startup" />
100-->[androidx.profileinstaller:profileinstaller:1.4.0] AndroidManifest.xml:31:17-49
101        </provider>
102
103        <receiver
103-->[androidx.profileinstaller:profileinstaller:1.4.0] AndroidManifest.xml:34:9-52:20
104            android:name="androidx.profileinstaller.ProfileInstallReceiver"
104-->[androidx.profileinstaller:profileinstaller:1.4.0] AndroidManifest.xml:35:13-76
105            android:directBootAware="false"
105-->[androidx.profileinstaller:profileinstaller:1.4.0] AndroidManifest.xml:36:13-44
106            android:enabled="true"
106-->[androidx.profileinstaller:profileinstaller:1.4.0] AndroidManifest.xml:37:13-35
107            android:exported="true"
107-->[androidx.profileinstaller:profileinstaller:1.4.0] AndroidManifest.xml:38:13-36
108            android:permission="android.permission.DUMP" >
108-->[androidx.profileinstaller:profileinstaller:1.4.0] AndroidManifest.xml:39:13-57
109            <intent-filter>
109-->[androidx.profileinstaller:profileinstaller:1.4.0] AndroidManifest.xml:40:13-42:29
110                <action android:name="androidx.profileinstaller.action.INSTALL_PROFILE" />
110-->[androidx.profileinstaller:profileinstaller:1.4.0] AndroidManifest.xml:41:17-91
110-->[androidx.profileinstaller:profileinstaller:1.4.0] AndroidManifest.xml:41:25-88
111            </intent-filter>
112            <intent-filter>
112-->[androidx.profileinstaller:profileinstaller:1.4.0] AndroidManifest.xml:43:13-45:29
113                <action android:name="androidx.profileinstaller.action.SKIP_FILE" />
113-->[androidx.profileinstaller:profileinstaller:1.4.0] AndroidManifest.xml:44:17-85
113-->[androidx.profileinstaller:profileinstaller:1.4.0] AndroidManifest.xml:44:25-82
114            </intent-filter>
115            <intent-filter>
115-->[androidx.profileinstaller:profileinstaller:1.4.0] AndroidManifest.xml:46:13-48:29
116                <action android:name="androidx.profileinstaller.action.SAVE_PROFILE" />
116-->[androidx.profileinstaller:profileinstaller:1.4.0] AndroidManifest.xml:47:17-88
116-->[androidx.profileinstaller:profileinstaller:1.4.0] AndroidManifest.xml:47:25-85
117            </intent-filter>
118            <intent-filter>
118-->[androidx.profileinstaller:profileinstaller:1.4.0] AndroidManifest.xml:49:13-51:29
119                <action android:name="androidx.profileinstaller.action.BENCHMARK_OPERATION" />
119-->[androidx.profileinstaller:profileinstaller:1.4.0] AndroidManifest.xml:50:17-95
119-->[androidx.profileinstaller:profileinstaller:1.4.0] AndroidManifest.xml:50:25-92
120            </intent-filter>
121        </receiver>
122    </application>
123
124</manifest>